app/build/outputs/logs/manifest-merger-debug-report.txt
-- Merging decision tree log ---
manifest
ADDED from src\main\AndroidManifest.xml:2:1-40:12
INJECTED from src\main\AndroidManifest.xml:2:1-40:12
INJECTED from src\main\AndroidManifest.xml:2:1-40:12
INJECTED from src\main\AndroidManifest.xml:2:1-40:12
MERGED from [com.yarolegovich:lovely-dialog:1.1.0] AndroidManifest.xml:2:1-12:12
MERGED from [com.android.support:design:28.0.0-beta01] AndroidManifest.xml:17:1-24:12
MERGED from [com.github.lamydev:android-notification:3.0] AndroidManifest.xml:19:1-30:12
MERGED from [me.zhanghai.android.materialratingbar:library:1.3.1] AndroidManifest.xml:6:1-15:12
MERGED from [com.android.support:appcompat-v7:28.0.0-beta01] AndroidManifest.xml:17:1-22:12
MERGED from [com.android.support.constraint:constraint-layout:1.1.2] AndroidManifest.xml:2:1-11:12
MERGED from [org.aviran.cookiebar2:cookiebar2:1.0.9] AndroidManifest.xml:2:1-13:12
MERGED from [com.android.support:cardview-v7:28.0.0-beta01] AndroidManifest.xml:17:1-22:12
MERGED from [com.makeramen:roundedimageview:2.3.0] AndroidManifest.xml:2:1-9:12
MERGED from [com.android.support:recyclerview-v7:28.0.0-beta01] AndroidManifest.xml:17:1-22:12
MERGED from [de.hdodenhof:circleimageview:2.2.0] AndroidManifest.xml:2:1-11:12
MERGED from [com.github.bumptech.glide:glide:4.7.1] AndroidManifest.xml:2:1-13:12
MERGED from [com.android.volley:volley:1.1.1] AndroidManifest.xml:2:1-11:12
MERGED from [com.github.lzyzsd:circleprogress:1.2.1] AndroidManifest.xml:2:1-12:12
MERGED from [com.android.support:support-fragment:28.0.0-beta01] AndroidManifest.xml:17:1-22:12
MERGED from [com.android.support:animated-vector-drawable:28.0.0-beta01] AndroidManifest.xml:17:1-22:12
MERGED from [com.android.support:support-core-ui:28.0.0-beta01] AndroidManifest.xml:17:1-22:12
MERGED from [com.android.support:transition:28.0.0-beta01] AndroidManifest.xml:17:1-22:12
MERGED from [com.android.support:viewpager:28.0.0-beta01] AndroidManifest.xml:17:1-22:12
MERGED from [com.android.support:coordinatorlayout:28.0.0-beta01] AndroidManifest.xml:17:1-22:12
MERGED from [com.android.support:drawerlayout:28.0.0-beta01] AndroidManifest.xml:17:1-22:12
MERGED from [com.android.support:slidingpanelayout:28.0.0-beta01] AndroidManifest.xml:17:1-22:12
MERGED from [com.android.support:customview:28.0.0-beta01] AndroidManifest.xml:17:1-22:12
MERGED from [com.android.support:swiperefreshlayout:28.0.0-beta01] AndroidManifest.xml:17:1-22:12
MERGED from [com.android.support:asynclayoutinflater:28.0.0-beta01] AndroidManifest.xml:17:1-22:12
MERGED from [com.android.support:support-core-utils:28.0.0-beta01] AndroidManifest.xml:17:1-22:12
MERGED from [com.android.support:loader:28.0.0-beta01] AndroidManifest.xml:17:1-22:12
MERGED from [com.android.support:support-vector-drawable:28.0.0-beta01] AndroidManifest.xml:17:1-22:12
MERGED from [com.android.support:support-compat:28.0.0-beta01] AndroidManifest.xml:17:1-24:12
MERGED from [com.github.bumptech.glide:gifdecoder:4.7.1] AndroidManifest.xml:2:1-11:12
MERGED from [android.arch.lifecycle:runtime:1.1.1] AndroidManifest.xml:17:1-22:12
MERGED from [com.android.support:versionedparcelable:28.0.0-beta01] AndroidManifest.xml:17:1-25:12
MERGED from [com.android.support:interpolator:28.0.0-beta01] AndroidManifest.xml:17:1-22:12
MERGED from [com.android.support:cursoradapter:28.0.0-beta01] AndroidManifest.xml:17:1-22:12
MERGED from [android.arch.lifecycle:livedata-core:1.1.1] AndroidManifest.xml:17:1-22:12
MERGED from [android.arch.core:runtime:1.1.1] AndroidManifest.xml:17:1-22:12
MERGED from [com.android.support:documentfile:28.0.0-beta01] AndroidManifest.xml:17:1-22:12
MERGED from [com.android.support:localbroadcastmanager:28.0.0-beta01] AndroidManifest.xml:17:1-22:12
MERGED from [com.android.support:print:28.0.0-beta01] AndroidManifest.xml:17:1-22:12
MERGED from [android.arch.lifecycle:viewmodel:1.1.1] AndroidManifest.xml:17:1-22:12
INJECTED from src\main\AndroidManifest.xml:2:1-40:12
INJECTED from src\main\AndroidManifest.xml:2:1-40:12
INJECTED from src\main\AndroidManifest.xml:2:1-40:12
	package
		ADDED from src\main\AndroidManifest.xml:3:5-39
		INJECTED from src\main\AndroidManifest.xml
		INJECTED from src\main\AndroidManifest.xml
	android:versionName
		INJECTED from src\main\AndroidManifest.xml
		ADDED from src\main\AndroidManifest.xml:2:1-40:12
		INJECTED from src\main\AndroidManifest.xml
	android:versionCode
		INJECTED from src\main\AndroidManifest.xml
		ADDED from src\main\AndroidManifest.xml:2:1-40:12
		INJECTED from src\main\AndroidManifest.xml
	xmlns:android
		ADDED from src\main\AndroidManifest.xml:2:11-69
uses-permission#android.permission.INTERNET
ADDED from src\main\AndroidManifest.xml:5:5-67
	android:name
		ADDED from src\main\AndroidManifest.xml:5:22-64
supports-screens
ADDED from src\main\AndroidManifest.xml:7:5-11:40
	android:largeScreens
		ADDED from src\main\AndroidManifest.xml:8:9-36
	android:smallScreens
		ADDED from src\main\AndroidManifest.xml:10:9-36
	android:normalScreens
		ADDED from src\main\AndroidManifest.xml:9:9-37
	android:xlargeScreens
		ADDED from src\main\AndroidManifest.xml:11:9-37
application
ADDED from src\main\AndroidManifest.xml:13:5-38:19
MERGED from [com.android.support:design:28.0.0-beta01] AndroidManifest.xml:22:5-20
MERGED from [com.android.support:design:28.0.0-beta01] AndroidManifest.xml:22:5-20
MERGED from [com.github.lamydev:android-notification:3.0] AndroidManifest.xml:28:5-20
MERGED from [com.github.lamydev:android-notification:3.0] AndroidManifest.xml:28:5-20
MERGED from [com.android.support.constraint:constraint-layout:1.1.2] AndroidManifest.xml:9:5-20
MERGED from [com.android.support.constraint:constraint-layout:1.1.2] AndroidManifest.xml:9:5-20
MERGED from [org.aviran.cookiebar2:cookiebar2:1.0.9] AndroidManifest.xml:11:5-53
MERGED from [org.aviran.cookiebar2:cookiebar2:1.0.9] AndroidManifest.xml:11:5-53
MERGED from [de.hdodenhof:circleimageview:2.2.0] AndroidManifest.xml:9:5-20
MERGED from [de.hdodenhof:circleimageview:2.2.0] AndroidManifest.xml:9:5-20
MERGED from [com.github.bumptech.glide:glide:4.7.1] AndroidManifest.xml:11:5-20
MERGED from [com.github.bumptech.glide:glide:4.7.1] AndroidManifest.xml:11:5-20
MERGED from [com.android.volley:volley:1.1.1] AndroidManifest.xml:9:5-20
MERGED from [com.android.volley:volley:1.1.1] AndroidManifest.xml:9:5-20
MERGED from [com.android.support:support-compat:28.0.0-beta01] AndroidManifest.xml:22:5-94
MERGED from [com.android.support:support-compat:28.0.0-beta01] AndroidManifest.xml:22:5-94
MERGED from [com.github.bumptech.glide:gifdecoder:4.7.1] AndroidManifest.xml:9:5-20
MERGED from [com.github.bumptech.glide:gifdecoder:4.7.1] AndroidManifest.xml:9:5-20
MERGED from [com.android.support:versionedparcelable:28.0.0-beta01] AndroidManifest.xml:22:5-23:19
MERGED from [com.android.support:versionedparcelable:28.0.0-beta01] AndroidManifest.xml:22:5-23:19
	android:appComponentFactory
		ADDED from [com.android.support:support-compat:28.0.0-beta01] AndroidManifest.xml:22:18-91
	android:supportsRtl
		ADDED from src\main\AndroidManifest.xml:18:9-35
	android:label
		ADDED from src\main\AndroidManifest.xml:16:9-41
	android:roundIcon
		ADDED from src\main\AndroidManifest.xml:17:9-44
	android:icon
		ADDED from src\main\AndroidManifest.xml:15:9-39
	android:allowBackup
		ADDED from src\main\AndroidManifest.xml:14:9-35
	android:theme
		ADDED from src\main\AndroidManifest.xml:19:9-40
activity#com.example.ba95m.sendme.activities.MainActivity
ADDED from src\main\AndroidManifest.xml:20:9-26:20
	android:name
		ADDED from src\main\AndroidManifest.xml:20:19-58
intent-filter#action:name:android.intent.action.MAIN+category:name:android.intent.category.LAUNCHER
ADDED from src\main\AndroidManifest.xml:21:13-25:29
action#android.intent.action.MAIN
ADDED from src\main\AndroidManifest.xml:22:17-69
	android:name
		ADDED from src\main\AndroidManifest.xml:22:25-66
category#android.intent.category.LAUNCHER
ADDED from src\main\AndroidManifest.xml:24:17-77
	android:name
		ADDED from src\main\AndroidManifest.xml:24:27-74
activity#com.example.ba95m.sendme.activities.ChoiceActivity
ADDED from src\main\AndroidManifest.xml:27:9-63
	android:name
		ADDED from src\main\AndroidManifest.xml:27:19-60
activity#com.example.ba95m.sendme.activities.SignupActivity
ADDED from src\main\AndroidManifest.xml:28:9-63
	android:name
		ADDED from src\main\AndroidManifest.xml:28:19-60
activity#com.example.ba95m.sendme.activities.LoginActivity
ADDED from src\main\AndroidManifest.xml:29:9-62
	android:name
		ADDED from src\main\AndroidManifest.xml:29:19-59
activity#com.example.ba95m.sendme.activities.ProfileActivity
ADDED from src\main\AndroidManifest.xml:30:9-64
	android:name
		ADDED from src\main\AndroidManifest.xml:30:19-61
activity#com.example.ba95m.sendme.activities.AnimeActivity
ADDED from src\main\AndroidManifest.xml:31:9-62
	android:name
		ADDED from src\main\AndroidManifest.xml:31:19-59
activity#com.example.ba95m.sendme.activities.ContactActivity
ADDED from src\main\AndroidManifest.xml:32:9-64
	android:name
		ADDED from src\main\AndroidManifest.xml:32:19-61
activity#com.example.ba95m.sendme.activities.NewContratActivity
ADDED from src\main\AndroidManifest.xml:33:9-67
	android:name
		ADDED from src\main\AndroidManifest.xml:33:19-64
activity#com.example.ba95m.sendme.activities.NewExpActivity
ADDED from src\main\AndroidManifest.xml:34:9-63
	android:name
		ADDED from src\main\AndroidManifest.xml:34:19-60
activity#com.example.ba95m.sendme.activities.CompleteProfileActivity
ADDED from src\main\AndroidManifest.xml:35:9-72
	android:name
		ADDED from src\main\AndroidManifest.xml:35:19-69
activity#com.example.ba95m.sendme.activities.StartingMissionActivity
ADDED from src\main\AndroidManifest.xml:36:9-72
	android:name
		ADDED from src\main\AndroidManifest.xml:36:19-69
activity#com.example.ba95m.sendme.activities.PaymentActivity
ADDED from src\main\AndroidManifest.xml:37:9-73
	android:name
		ADDED from src\main\AndroidManifest.xml:37:19-61
uses-sdk
INJECTED from src\main\AndroidManifest.xml reason: use-sdk injection requested
INJECTED from src\main\AndroidManifest.xml
INJECTED from src\main\AndroidManifest.xml
MERGED from [com.yarolegovich:lovely-dialog:1.1.0] AndroidManifest.xml:8:5-10:41
MERGED from [com.yarolegovich:lovely-dialog:1.1.0] AndroidManifest.xml:8:5-10:41
MERGED from [com.android.support:design:28.0.0-beta01] AndroidManifest.xml:20:5-44
MERGED from [com.android.support:design:28.0.0-beta01] AndroidManifest.xml:20:5-44
MERGED from [com.github.lamydev:android-notification:3.0] AndroidManifest.xml:24:5-26:41
MERGED from [com.github.lamydev:android-notification:3.0] AndroidManifest.xml:24:5-26:41
MERGED from [me.zhanghai.android.materialratingbar:library:1.3.1] AndroidManifest.xml:11:5-13:41
MERGED from [me.zhanghai.android.materialratingbar:library:1.3.1] AndroidManifest.xml:11:5-13:41
MERGED from [com.android.support:appcompat-v7:28.0.0-beta01] AndroidManifest.xml:20:5-44
MERGED from [com.android.support:appcompat-v7:28.0.0-beta01] AndroidManifest.xml:20:5-44
MERGED from [com.android.support.constraint:constraint-layout:1.1.2] AndroidManifest.xml:5:5-7:41
MERGED from [com.android.support.constraint:constraint-layout:1.1.2] AndroidManifest.xml:5:5-7:41
MERGED from [org.aviran.cookiebar2:cookiebar2:1.0.9] AndroidManifest.xml:7:5-9:41
MERGED from [org.aviran.cookiebar2:cookiebar2:1.0.9] AndroidManifest.xml:7:5-9:41
MERGED from [com.android.support:cardview-v7:28.0.0-beta01] AndroidManifest.xml:20:5-44
MERGED from [com.android.support:cardview-v7:28.0.0-beta01] AndroidManifest.xml:20:5-44
MERGED from [com.makeramen:roundedimageview:2.3.0] AndroidManifest.xml:7:5-43
MERGED from [com.makeramen:roundedimageview:2.3.0] AndroidManifest.xml:7:5-43
MERGED from [com.android.support:recyclerview-v7:28.0.0-beta01] AndroidManifest.xml:20:5-44
MERGED from [com.android.support:recyclerview-v7:28.0.0-beta01] AndroidManifest.xml:20:5-44
MERGED from [de.hdodenhof:circleimageview:2.2.0] AndroidManifest.xml:5:5-7:41
MERGED from [de.hdodenhof:circleimageview:2.2.0] AndroidManifest.xml:5:5-7:41
MERGED from [com.github.bumptech.glide:glide:4.7.1] AndroidManifest.xml:7:5-9:41
MERGED from [com.github.bumptech.glide:glide:4.7.1] AndroidManifest.xml:7:5-9:41
MERGED from [com.android.volley:volley:1.1.1] AndroidManifest.xml:7:5-43
MERGED from [com.android.volley:volley:1.1.1] AndroidManifest.xml:7:5-43
MERGED from [com.github.lzyzsd:circleprogress:1.2.1] AndroidManifest.xml:8:5-10:41
MERGED from [com.github.lzyzsd:circleprogress:1.2.1] AndroidManifest.xml:8:5-10:41
MERGED from [com.android.support:support-fragment:28.0.0-beta01] AndroidManifest.xml:20:5-44
MERGED from [com.android.support:support-fragment:28.0.0-beta01] AndroidManifest.xml:20:5-44
MERGED from [com.android.support:animated-vector-drawable:28.0.0-beta01] AndroidManifest.xml:20:5-44
MERGED from [com.android.support:animated-vector-drawable:28.0.0-beta01] AndroidManifest.xml:20:5-44
MERGED from [com.android.support:support-core-ui:28.0.0-beta01] AndroidManifest.xml:20:5-44
MERGED from [com.android.support:support-core-ui:28.0.0-beta01] AndroidManifest.xml:20:5-44
MERGED from [com.android.support:transition:28.0.0-beta01] AndroidManifest.xml:20:5-44
MERGED from [com.android.support:transition:28.0.0-beta01] AndroidManifest.xml:20:5-44
MERGED from [com.android.support:viewpager:28.0.0-beta01] AndroidManifest.xml:20:5-44
MERGED from [com.android.support:viewpager:28.0.0-beta01] AndroidManifest.xml:20:5-44
MERGED from [com.android.support:coordinatorlayout:28.0.0-beta01] AndroidManifest.xml:20:5-44
MERGED from [com.android.support:coordinatorlayout:28.0.0-beta01] AndroidManifest.xml:20:5-44
MERGED from [com.android.support:drawerlayout:28.0.0-beta01] AndroidManifest.xml:20:5-44
MERGED from [com.android.support:drawerlayout:28.0.0-beta01] AndroidManifest.xml:20:5-44
MERGED from [com.android.support:slidingpanelayout:28.0.0-beta01] AndroidManifest.xml:20:5-44
MERGED from [com.android.support:slidingpanelayout:28.0.0-beta01] AndroidManifest.xml:20:5-44
MERGED from [com.android.support:customview:28.0.0-beta01] AndroidManifest.xml:20:5-44
MERGED from [com.android.support:customview:28.0.0-beta01] AndroidManifest.xml:20:5-44
MERGED from [com.android.support:swiperefreshlayout:28.0.0-beta01] AndroidManifest.xml:20:5-44
MERGED from [com.android.support:swiperefreshlayout:28.0.0-beta01] AndroidManifest.xml:20:5-44
MERGED from [com.android.support:asynclayoutinflater:28.0.0-beta01] AndroidManifest.xml:20:5-44
MERGED from [com.android.support:asynclayoutinflater:28.0.0-beta01] AndroidManifest.xml:20:5-44
MERGED from [com.android.support:support-core-utils:28.0.0-beta01] AndroidManifest.xml:20:5-44
MERGED from [com.android.support:support-core-utils:28.0.0-beta01] AndroidManifest.xml:20:5-44
MERGED from [com.android.support:loader:28.0.0-beta01] AndroidManifest.xml:20:5-44
MERGED from [com.android.support:loader:28.0.0-beta01] AndroidManifest.xml:20:5-44
MERGED from [com.android.support:support-vector-drawable:28.0.0-beta01] AndroidManifest.xml:20:5-44
MERGED from [com.android.support:support-vector-drawable:28.0.0-beta01] AndroidManifest.xml:20:5-44
MERGED from [com.android.support:support-compat:28.0.0-beta01] AndroidManifest.xml:20:5-44
MERGED from [com.android.support:support-compat:28.0.0-beta01] AndroidManifest.xml:20:5-44
MERGED from [com.github.bumptech.glide:gifdecoder:4.7.1] AndroidManifest.xml:5:5-7:41
MERGED from [com.github.bumptech.glide:gifdecoder:4.7.1] AndroidManifest.xml:5:5-7:41
MERGED from [android.arch.lifecycle:runtime:1.1.1] AndroidManifest.xml:20:5-44
MERGED from [android.arch.lifecycle:runtime:1.1.1] AndroidManifest.xml:20:5-44
MERGED from [com.android.support:versionedparcelable:28.0.0-beta01] AndroidManifest.xml:20:5-44
MERGED from [com.android.support:versionedparcelable:28.0.0-beta01] AndroidManifest.xml:20:5-44
MERGED from [com.android.support:interpolator:28.0.0-beta01] AndroidManifest.xml:20:5-44
MERGED from [com.android.support:interpolator:28.0.0-beta01] AndroidManifest.xml:20:5-44
MERGED from [com.android.support:cursoradapter:28.0.0-beta01] AndroidManifest.xml:20:5-44
MERGED from [com.android.support:cursoradapter:28.0.0-beta01] AndroidManifest.xml:20:5-44
MERGED from [android.arch.lifecycle:livedata-core:1.1.1] AndroidManifest.xml:20:5-44
MERGED from [android.arch.lifecycle:livedata-core:1.1.1] AndroidManifest.xml:20:5-44
MERGED from [android.arch.core:runtime:1.1.1] AndroidManifest.xml:20:5-44
MERGED from [android.arch.core:runtime:1.1.1] AndroidManifest.xml:20:5-44
MERGED from [com.android.support:documentfile:28.0.0-beta01] AndroidManifest.xml:20:5-44
MERGED from [com.android.support:documentfile:28.0.0-beta01] AndroidManifest.xml:20:5-44
MERGED from [com.android.support:localbroadcastmanager:28.0.0-beta01] AndroidManifest.xml:20:5-44
MERGED from [com.android.support:localbroadcastmanager:28.0.0-beta01] AndroidManifest.xml:20:5-44
MERGED from [com.android.support:print:28.0.0-beta01] AndroidManifest.xml:20:5-44
MERGED from [com.android.support:print:28.0.0-beta01] AndroidManifest.xml:20:5-44
MERGED from [android.arch.lifecycle:viewmodel:1.1.1] AndroidManifest.xml:20:5-44
MERGED from [android.arch.lifecycle:viewmodel:1.1.1] AndroidManifest.xml:20:5-44
INJECTED from src\main\AndroidManifest.xml
INJECTED from src\main\AndroidManifest.xml
	android:targetSdkVersion
		INJECTED from src\main\AndroidManifest.xml
		ADDED from src\main\AndroidManifest.xml
		INJECTED from src\main\AndroidManifest.xml
	android:minSdkVersion
		INJECTED from src\main\AndroidManifest.xml
		ADDED from src\main\AndroidManifest.xml
		INJECTED from src\main\AndroidManifest.xml